9.6618 	EXP 	Created window1 = Window(allowGUI=True, allowStencil=False, autoLog=True, bitsMode=UNKNOWN, blendMode='avg', color=array([ 0.,  0.,  0.]), colorSpace='rgb', fullscr=UNKNOWN, gamma=None, lms=UNKNOWN, monitor=<psychopy.monitors.calibTools.Monitor instance at 0x0A84B918>, name='window1', pos=[0, 0], screen=0, size=array([1280, 1024]), stereo=False, units=u'norm', useFBO=True, viewOri=0.0, viewPos=None, viewScale=None, waitBlanking=True, winType='pyglet')
9.6618 	EXP 	window1: recordFrameIntervals = False
9.8464 	EXP 	window1: recordFrameIntervals = True
9.9400 	WARNING 	t of last frame was 29.07ms (=1/34)
10.0024 	WARNING 	t of last frame was 31.24ms (=1/32)
10.1609 	EXP 	window1: recordFrameIntervals = False
10.2751 	EXP 	Created text = TextStim(alignHoriz='center', alignVert='center', antialias=True, autoLog=True, bold=False, color='white', colorSpace='named', contrast=1.0, depth=-1.0, flipHoriz=False, flipVert=False, font='Arial', fontFiles=[], height=0.1, italic=False, name='text', opacity=1.0, ori=0, pos=array([ 0.,  0.]), rgb=array([ 255.,  255.,  255.]), text=unicode(...), units=u'norm', win=Window(...), wrapWidth=1)
10.2828 	EXP 	Created stimulus_to_rate = TextStim(alignHoriz='center', alignVert='center', antialias=True, autoLog=True, bold=False, color='white', colorSpace='named', contrast=1.0, depth=-1.0, flipHoriz=False, flipVert=False, font='Arial', fontFiles=[], height=0.1, italic=False, name='stimulus_to_rate', opacity=1.0, ori=0, pos=array([ 0.,  0.]), rgb=array([ 255.,  255.,  255.]), text=u'default text', units=u'norm', win=Window(...), wrapWidth=1)
10.3042 	EXP 	window1: units = 'norm'
10.3752 	EXP 	window1: units = u'norm'
10.3755 	EXP 	Created rating = RatingScale(acceptKeys=['return'], acceptPreText=UNKNOWN, acceptSize=UNKNOWN, acceptText=u'accept?', autoLog=True, choices=False, depth=0, disappear=False, flipVert=False, high=4, kwargs=UNKNOWN, labels=list(...), leftKeys=['left'], lineColor='White', low=1, marker=ShapeStim(...), markerColor='DarkBlue', markerExpansion=UNKNOWN, markerStart=None, maxTime=0.0, minTime=0.4, mouseOnly=False, name='rating', noMouse=False, pos=[0.0, -0.4], precision=1, respKeys=['1', '2', '3', '4'], rightKeys=['right'], scale=str(...), self=UNKNOWN, showAccept=True, showValue=True, singleClick=False, size=0.6, skipKeys=['tab'], stretch=1.0, textColor='LightGray', textFont='Helvetica Bold', textSize=0.12, tickHeight=1.0, tickMarks=3.0, win=Window(...))
10.3811 	EXP 	Created text_2 = TextStim(alignHoriz='center', alignVert='center', antialias=True, autoLog=True, bold=False, color='white', colorSpace='named', contrast=1.0, depth=-1.0, flipHoriz=False, flipVert=False, font='Arial', fontFiles=[], height=0.1, italic=False, name='text_2', opacity=1.0, ori=0, pos=array([ 0.,  0.]), rgb=array([ 255.,  255.,  255.]), text=u'default text', units=u'norm', win=Window(...), wrapWidth=1)
10.3865 	EXP 	Created text_4 = TextStim(alignHoriz='center', alignVert='center', antialias=True, autoLog=True, bold=False, color='white', colorSpace='named', contrast=1.0, depth=0.0, flipHoriz=False, flipVert=False, font='Arial', fontFiles=[], height=0.1, italic=False, name='text_4', opacity=1.0, ori=0, pos=array([ 0.,  0.]), rgb=array([ 255.,  255.,  255.]), text=u'default text', units=u'norm', win=Window(...), wrapWidth=1)
10.4080 	EXP 	rating: flipVert = False
10.4080 	EXP 	rating: autoLog = True
10.4080 	EXP 	text: autoDraw = True
20.1132 	DATA 	Keypress: return
20.1238 	EXP 	Imported BIS_BAS_questions.xlsx as conditions, 24 conditions, 2 params
20.1243 	EXP 	Created sequence: sequential, trialTypes=24, nReps=1, seed=None
20.1247 	EXP 	New trial (rep=0, index=0): {u'thing': u"A person's family is the most important thing in life. ", u'reverse': 1}
20.1428 	EXP 	RatingScale rating: reset()
20.1429 	EXP 	window1: recordFrameIntervals = False
20.1599 	EXP 	text: autoDraw = False
20.1599 	EXP 	stimulus_to_rate: text = u"A person's family is the most important thing in life. "
20.1599 	EXP 	window1: recordFrameIntervals = False
20.7839 	EXP 	stimulus_to_rate: autoDraw = True
20.7839 	EXP 	rating: autoDraw = True
35.1315 	DATA 	Mouse: Left button down, pos=(447,310)
35.2563 	DATA 	Mouse:  Left button up, pos=(447,310)
36.5358 	DATA 	Mouse: Left button down, pos=(619,183)
36.5380 	DATA 	RatingScale rating: (mouse response) rating=1
36.5380 	DATA 	RatingScale rating: rating RT=15.863
36.5380 	DATA 	RatingScale rating: history=[(None, 0.0), (1, 14.458), (1, 15.863)]
36.5821 	EXP 	stimulus_to_rate: autoDraw = False
36.5821 	EXP 	rating: autoDraw = False
36.5821 	EXP 	text_2: text = 'You pressed 1 = very true for me'
36.7071 	DATA 	Mouse:  Left button up, pos=(619,183)
36.9722 	EXP 	text_2: autoDraw = True
38.6104 	DATA 	Mouse: Left button down, pos=(635,256)
38.7194 	DATA 	Mouse:  Left button up, pos=(635,256)
38.9537 	EXP 	New trial (rep=0, index=1): {u'thing': u'Even if something bad is about to happen to me, I rarely experience fear or nervousness. ', u'reverse': 0}
38.9773 	EXP 	RatingScale rating: reset()
38.9774 	EXP 	window1: recordFrameIntervals = False
38.9851 	EXP 	text_2: autoDraw = False
38.9851 	EXP 	stimulus_to_rate: text = u'Even if something bad is about to happen to me, I rarely experience fear or nervousness. '
38.9852 	EXP 	window1: recordFrameIntervals = False
39.5148 	EXP 	stimulus_to_rate: autoDraw = True
39.5148 	EXP 	rating: autoDraw = True
47.8608 	DATA 	Mouse: Left button down, pos=(579,310)
47.9855 	DATA 	Mouse:  Left button up, pos=(579,310)
48.9861 	DATA 	Mouse: Left button down, pos=(664,185)
48.9862 	DATA 	RatingScale rating: (mouse response) rating=2
48.9862 	DATA 	RatingScale rating: rating RT=9.487
48.9863 	DATA 	RatingScale rating: history=[(None, 0.0), (2, 8.362), (2, 9.487)]
49.0305 	EXP 	stimulus_to_rate: autoDraw = False
49.0305 	EXP 	rating: autoDraw = False
49.0305 	EXP 	text_2: text = 'You pressed 2 = somewhat true for me'
49.1243 	DATA 	Mouse:  Left button up, pos=(664,185)
49.4206 	EXP 	text_2: autoDraw = True
51.4177 	EXP 	New trial (rep=0, index=2): {u'thing': u'I go out of my way to get things I want. ', u'reverse': 1}
51.4325 	EXP 	RatingScale rating: reset()
51.4326 	EXP 	window1: recordFrameIntervals = False
51.4485 	EXP 	text_2: autoDraw = False
51.4485 	EXP 	stimulus_to_rate: text = u'I go out of my way to get things I want. '
51.4486 	EXP 	window1: recordFrameIntervals = False
51.9789 	EXP 	stimulus_to_rate: autoDraw = True
51.9789 	EXP 	rating: autoDraw = True
58.4687 	DATA 	Mouse: Left button down, pos=(573,313)
58.6402 	DATA 	Mouse:  Left button up, pos=(573,313)
59.5139 	DATA 	Mouse: Left button down, pos=(628,194)
59.5161 	DATA 	RatingScale rating: (mouse response) rating=2
59.5161 	DATA 	RatingScale rating: rating RT=7.552
59.5161 	DATA 	RatingScale rating: history=[(None, 0.0), (2, 6.506), (2, 7.552)]
59.5604 	EXP 	stimulus_to_rate: autoDraw = False
59.5604 	EXP 	rating: autoDraw = False
59.5604 	EXP 	text_2: text = 'You pressed 2 = somewhat true for me'
59.6562 	DATA 	Mouse:  Left button up, pos=(628,195)
59.9524 	EXP 	text_2: autoDraw = True
61.9245 	EXP 	New trial (rep=0, index=3): {u'thing': u"When I'm doing well at something I love to keep at it. ", u'reverse': 1}
61.9435 	EXP 	RatingScale rating: reset()
61.9435 	EXP 	window1: recordFrameIntervals = False
61.9552 	EXP 	text_2: autoDraw = False
61.9552 	EXP 	text_2: autoDraw = False
61.9552 	EXP 	stimulus_to_rate: text = u"When I'm doing well at something I love to keep at it. "
61.9553 	EXP 	window1: recordFrameIntervals = False
62.4856 	EXP 	stimulus_to_rate: autoDraw = True
62.4856 	EXP 	rating: autoDraw = True
70.4571 	DATA 	Mouse: Left button down, pos=(450,305)
70.5819 	DATA 	Mouse:  Left button up, pos=(450,305)
71.2840 	DATA 	Mouse: Left button down, pos=(611,206)
71.2862 	DATA 	RatingScale rating: (mouse response) rating=1
71.2862 	DATA 	RatingScale rating: rating RT=8.816
71.2862 	DATA 	RatingScale rating: history=[(None, 0.0), (1, 7.988), (1, 8.816)]
71.3155 	EXP 	stimulus_to_rate: autoDraw = False
71.3155 	EXP 	rating: autoDraw = False
71.3155 	EXP 	text_2: text = 'You pressed 1 = very true for me'
71.4555 	DATA 	Mouse:  Left button up, pos=(611,206)
71.7205 	EXP 	text_2: autoDraw = True
73.7021 	EXP 	New trial (rep=0, index=4): {u'thing': u"I'm always willing to try something new if I think it will be fun. ", u'reverse': 1}
73.7213 	EXP 	RatingScale rating: reset()
73.7214 	EXP 	window1: recordFrameIntervals = False
73.7329 	EXP 	text_2: autoDraw = False
73.7329 	EXP 	stimulus_to_rate: text = u"I'm always willing to try something new if I think it will be fun. "
73.7329 	EXP 	window1: recordFrameIntervals = False
74.2633 	EXP 	stimulus_to_rate: autoDraw = True
74.2633 	EXP 	rating: autoDraw = True
79.0995 	DATA 	Mouse: Left button down, pos=(453,310)
79.2242 	DATA 	Mouse:  Left button up, pos=(453,310)
79.9132 	DATA 	Mouse: Left button down, pos=(607,200)
79.9282 	DATA 	RatingScale rating: (mouse response) rating=1
79.9283 	DATA 	RatingScale rating: rating RT=5.680
79.9283 	DATA 	RatingScale rating: history=[(None, 0.0), (1, 4.853), (1, 5.68)]
79.9580 	EXP 	stimulus_to_rate: autoDraw = False
79.9580 	EXP 	rating: autoDraw = False
79.9580 	EXP 	text_2: text = 'You pressed 1 = very true for me'
80.0354 	DATA 	Mouse:  Left button up, pos=(607,200)
80.3628 	EXP 	text_2: autoDraw = True
82.3309 	EXP 	New trial (rep=0, index=5): {u'thing': u'How I dress is important to me. ', u'reverse': 1}
82.3454 	EXP 	RatingScale rating: reset()
82.3454 	EXP 	window1: recordFrameIntervals = False
82.3616 	EXP 	text_2: autoDraw = False
82.3616 	EXP 	text_2: autoDraw = False
82.3616 	EXP 	stimulus_to_rate: text = u'How I dress is important to me. '
82.3617 	EXP 	window1: recordFrameIntervals = False
82.8920 	EXP 	stimulus_to_rate: autoDraw = True
82.8920 	EXP 	rating: autoDraw = True
87.5253 	DATA 	Mouse: Left button down, pos=(586,310)
87.6501 	DATA 	Mouse:  Left button up, pos=(586,310)
88.6668 	DATA 	Mouse: Left button down, pos=(681,194)
88.6690 	DATA 	RatingScale rating: (mouse response) rating=2
88.6690 	DATA 	RatingScale rating: rating RT=5.792
88.6690 	DATA 	RatingScale rating: history=[(None, 0.0), (2, 4.65), (2, 5.792)]
88.7133 	EXP 	stimulus_to_rate: autoDraw = False
88.7133 	EXP 	rating: autoDraw = False
88.7133 	EXP 	text_2: text = 'You pressed 2 = somewhat true for me'
88.8045 	DATA 	Mouse:  Left button up, pos=(681,194)
89.1163 	EXP 	text_2: autoDraw = True
91.0999 	EXP 	New trial (rep=0, index=6): {u'thing': u'When I get something I want, I feel excited and energized. ', u'reverse': 1}
91.1204 	EXP 	RatingScale rating: reset()
91.1204 	EXP 	window1: recordFrameIntervals = False
91.1307 	EXP 	text_2: autoDraw = False
91.1307 	EXP 	stimulus_to_rate: text = u'When I get something I want, I feel excited and energized. '
91.1308 	EXP 	window1: recordFrameIntervals = False
91.6611 	EXP 	stimulus_to_rate: autoDraw = True
91.6611 	EXP 	rating: autoDraw = True
98.0417 	DATA 	Mouse: Left button down, pos=(459,308)
98.1529 	DATA 	Mouse:  Left button up, pos=(459,308)
98.8372 	DATA 	Mouse: Left button down, pos=(609,203)
98.8394 	DATA 	RatingScale rating: (mouse response) rating=1
98.8394 	DATA 	RatingScale rating: rating RT=7.194
98.8395 	DATA 	RatingScale rating: history=[(None, 0.0), (1, 6.397), (1, 7.194)]
98.8689 	EXP 	stimulus_to_rate: autoDraw = False
98.8689 	EXP 	rating: autoDraw = False
98.8689 	EXP 	text_2: text = 'You pressed 1 = very true for me'
98.9776 	DATA 	Mouse:  Left button up, pos=(609,203)
99.2738 	EXP 	text_2: autoDraw = True
101.2488 	EXP 	New trial (rep=0, index=7): {u'thing': u'Criticism or scolding hurts me quite a bit. ', u'reverse': 1}
101.2654 	EXP 	RatingScale rating: reset()
101.2655 	EXP 	window1: recordFrameIntervals = False
101.2952 	EXP 	text_2: autoDraw = False
101.2952 	EXP 	text_2: autoDraw = False
101.2952 	EXP 	stimulus_to_rate: text = u'Criticism or scolding hurts me quite a bit. '
101.2953 	EXP 	window1: recordFrameIntervals = False
101.8105 	EXP 	stimulus_to_rate: autoDraw = True
101.8105 	EXP 	rating: autoDraw = True
106.1313 	DATA 	Mouse: Left button down, pos=(709,312)
106.2717 	DATA 	Mouse:  Left button up, pos=(709,312)
107.3169 	DATA 	Mouse: Left button down, pos=(687,196)
107.3192 	DATA 	RatingScale rating: (mouse response) rating=3
107.3192 	DATA 	RatingScale rating: rating RT=5.524
107.3192 	DATA 	RatingScale rating: history=[(None, 0.0), (3, 4.338), (3, 5.524)]
107.3635 	EXP 	stimulus_to_rate: autoDraw = False
107.3635 	EXP 	rating: autoDraw = False
107.3635 	EXP 	text_2: text = 'You pressed 3 = somewhat false for me'
107.4885 	DATA 	Mouse:  Left button up, pos=(687,196)
107.7535 	EXP 	text_2: autoDraw = True
109.7351 	EXP 	New trial (rep=0, index=8): {u'thing': u'When I want something I usually go all-out to get it. ', u'reverse': 1}
109.7549 	EXP 	RatingScale rating: reset()
109.7550 	EXP 	window1: recordFrameIntervals = False
109.7659 	EXP 	text_2: autoDraw = False
109.7659 	EXP 	stimulus_to_rate: text = u'When I want something I usually go all-out to get it. '
109.7660 	EXP 	window1: recordFrameIntervals = False
110.2963 	EXP 	stimulus_to_rate: autoDraw = True
110.2963 	EXP 	rating: autoDraw = True
115.0759 	DATA 	Mouse: Left button down, pos=(634,305)
115.2968 	DATA 	Mouse:  Left button up, pos=(634,305)
116.2926 	DATA 	Mouse: Left button down, pos=(676,209)
116.2948 	DATA 	RatingScale rating: (mouse response) rating=2
116.2948 	DATA 	RatingScale rating: rating RT=6.014
116.2949 	DATA 	RatingScale rating: history=[(None, 0.0), (2, 4.796), (2, 6.014)]
116.3392 	EXP 	stimulus_to_rate: autoDraw = False
116.3392 	EXP 	rating: autoDraw = False
116.3392 	EXP 	text_2: text = 'You pressed 2 = somewhat true for me'
116.4485 	DATA 	Mouse:  Left button up, pos=(676,209)
116.7312 	EXP 	text_2: autoDraw = True
118.6973 	EXP 	New trial (rep=0, index=9): {u'thing': u'I will often do things for no other reason than that they might be fun.', u'reverse': 1}
118.7165 	EXP 	RatingScale rating: reset()
118.7165 	EXP 	window1: recordFrameIntervals = False
118.7280 	EXP 	text_2: autoDraw = False
118.7280 	EXP 	text_2: autoDraw = False
118.7280 	EXP 	stimulus_to_rate: text = u'I will often do things for no other reason than that they might be fun.'
118.7281 	EXP 	window1: recordFrameIntervals = False
119.2584 	EXP 	stimulus_to_rate: autoDraw = True
119.2584 	EXP 	rating: autoDraw = True
128.2969 	DATA 	Mouse: Left button down, pos=(583,304)
128.4372 	DATA 	Mouse:  Left button up, pos=(583,304)
129.0449 	DATA 	Mouse: Left button down, pos=(641,210)
129.0471 	DATA 	RatingScale rating: (mouse response) rating=2
129.0472 	DATA 	RatingScale rating: rating RT=9.804
129.0472 	DATA 	RatingScale rating: history=[(None, 0.0), (2, 9.055), (2, 9.804)]
129.0784 	EXP 	stimulus_to_rate: autoDraw = False
129.0784 	EXP 	rating: autoDraw = False
129.0784 	EXP 	text_2: text = 'You pressed 2 = somewhat true for me'
129.1852 	DATA 	Mouse:  Left button up, pos=(642,210)
129.4815 	EXP 	text_2: autoDraw = True
131.4630 	EXP 	New trial (rep=0, index=10): {u'thing': u"It's hard for me to find the time to do things such as get a haircut. ", u'reverse': 1}
131.4838 	EXP 	RatingScale rating: reset()
131.4838 	EXP 	window1: recordFrameIntervals = False
131.4939 	EXP 	text_2: autoDraw = False
131.4939 	EXP 	stimulus_to_rate: text = u"It's hard for me to find the time to do things such as get a haircut. "
131.4939 	EXP 	window1: recordFrameIntervals = False
132.0242 	EXP 	stimulus_to_rate: autoDraw = True
132.0242 	EXP 	rating: autoDraw = True
142.7144 	DATA 	Mouse: Left button down, pos=(818,312)
142.8413 	DATA 	Mouse:  Left button up, pos=(818,312)
144.2431 	DATA 	Mouse: Left button down, pos=(722,197)
144.2454 	DATA 	RatingScale rating: (mouse response) rating=4
144.2454 	DATA 	RatingScale rating: rating RT=12.236
144.2454 	DATA 	RatingScale rating: history=[(None, 0.0), (4, 10.707), (4, 12.236)]
144.2897 	EXP 	stimulus_to_rate: autoDraw = False
144.2897 	EXP 	rating: autoDraw = False
144.2897 	EXP 	text_2: text = 'You pressed 4 = very false for me'
144.4303 	DATA 	Mouse:  Left button up, pos=(722,197)
144.6797 	EXP 	text_2: autoDraw = True
146.6622 	EXP 	New trial (rep=0, index=11): {u'thing': u'If I see a chance to get something I want I move on it right away. ', u'reverse': 1}
146.7344 	EXP 	RatingScale rating: reset()
146.7345 	EXP 	window1: recordFrameIntervals = False
146.7545 	EXP 	text_2: autoDraw = False
146.7545 	EXP 	stimulus_to_rate: text = u'If I see a chance to get something I want I move on it right away. '
146.7545 	EXP 	window1: recordFrameIntervals = False
147.2693 	EXP 	stimulus_to_rate: autoDraw = True
147.2693 	EXP 	rating: autoDraw = True
153.2307 	DATA 	Mouse: Left button down, pos=(596,311)
153.3710 	DATA 	Mouse:  Left button up, pos=(596,311)
154.1218 	DATA 	Mouse: Left button down, pos=(642,202)
154.1240 	DATA 	RatingScale rating: (mouse response) rating=2
154.1241 	DATA 	RatingScale rating: rating RT=6.870
154.1241 	DATA 	RatingScale rating: history=[(None, 0.0), (2, 5.978), (2, 6.87)]
154.1555 	EXP 	stimulus_to_rate: autoDraw = False
154.1555 	EXP 	rating: autoDraw = False
154.1555 	EXP 	text_2: text = 'You pressed 2 = somewhat true for me'
154.2778 	DATA 	Mouse:  Left button up, pos=(642,202)
154.5590 	EXP 	text_2: autoDraw = True
156.5420 	EXP 	New trial (rep=0, index=12): {u'thing': u'I feel pretty worried or upset when I think or know somebody is angry at me. ', u'reverse': 1}
156.5617 	EXP 	RatingScale rating: reset()
156.5618 	EXP 	window1: recordFrameIntervals = False
156.5708 	EXP 	text_2: autoDraw = False
156.5708 	EXP 	stimulus_to_rate: text = u'I feel pretty worried or upset when I think or know somebody is angry at me. '
156.5708 	EXP 	window1: recordFrameIntervals = False
157.1012 	EXP 	stimulus_to_rate: autoDraw = True
157.1012 	EXP 	rating: autoDraw = True
163.5773 	DATA 	Mouse: Left button down, pos=(707,312)
163.7177 	DATA 	Mouse:  Left button up, pos=(707,312)
166.2160 	DATA 	Mouse: Left button down, pos=(703,195)
166.2162 	DATA 	RatingScale rating: (mouse response) rating=3
166.2162 	DATA 	RatingScale rating: rating RT=9.130
166.2162 	DATA 	RatingScale rating: history=[(None, 0.0), (3, 6.493), (3, 9.13)]
166.2474 	EXP 	stimulus_to_rate: autoDraw = False
166.2474 	EXP 	rating: autoDraw = False
166.2474 	EXP 	text_2: text = 'You pressed 3 = somewhat false for me'
166.3879 	DATA 	Mouse:  Left button up, pos=(703,195)
166.6659 	EXP 	text_2: autoDraw = True
168.6243 	EXP 	New trial (rep=0, index=13): {u'thing': u'When I see an opportunity for something I like I get excited right away. ', u'reverse': 1}
168.6447 	EXP 	RatingScale rating: reset()
168.6447 	EXP 	window1: recordFrameIntervals = False
168.6551 	EXP 	text_2: autoDraw = False
168.6551 	EXP 	text_2: autoDraw = False
168.6551 	EXP 	stimulus_to_rate: text = u'When I see an opportunity for something I like I get excited right away. '
168.6551 	EXP 	window1: recordFrameIntervals = False
169.1854 	EXP 	stimulus_to_rate: autoDraw = True
169.1854 	EXP 	rating: autoDraw = True
176.7521 	DATA 	Mouse: Left button down, pos=(578,306)
176.9075 	DATA 	Mouse:  Left button up, pos=(578,306)
177.3933 	DATA 	Mouse: Left button down, pos=(628,204)
177.3935 	DATA 	RatingScale rating: (mouse response) rating=2
177.3935 	DATA 	RatingScale rating: rating RT=8.223
177.3935 	DATA 	RatingScale rating: history=[(None, 0.0), (2, 7.583), (2, 8.223)]
177.4248 	EXP 	stimulus_to_rate: autoDraw = False
177.4248 	EXP 	rating: autoDraw = False
177.4248 	EXP 	text_2: text = 'You pressed 2 = somewhat true for me'
177.5339 	DATA 	Mouse:  Left button up, pos=(628,204)
177.8454 	EXP 	text_2: autoDraw = True
179.8117 	EXP 	New trial (rep=0, index=14): {u'thing': u'I often act on the spur of the moment. ', u'reverse': 1}
179.8258 	EXP 	RatingScale rating: reset()
179.8259 	EXP 	window1: recordFrameIntervals = False
179.8421 	EXP 	text_2: autoDraw = False
179.8421 	EXP 	stimulus_to_rate: text = u'I often act on the spur of the moment. '
179.8422 	EXP 	window1: recordFrameIntervals = False
180.3600 	EXP 	stimulus_to_rate: autoDraw = True
180.3600 	EXP 	rating: autoDraw = True
184.9777 	DATA 	Mouse: Left button down, pos=(587,315)
185.1024 	DATA 	Mouse:  Left button up, pos=(587,315)
186.0073 	DATA 	Mouse: Left button down, pos=(646,204)
186.0095 	DATA 	RatingScale rating: (mouse response) rating=2
186.0096 	DATA 	RatingScale rating: rating RT=5.665
186.0096 	DATA 	RatingScale rating: history=[(None, 0.0), (2, 4.634), (2, 5.665)]
186.0408 	EXP 	stimulus_to_rate: autoDraw = False
186.0408 	EXP 	rating: autoDraw = False
186.0408 	EXP 	text_2: text = 'You pressed 2 = somewhat true for me'
186.1320 	DATA 	Mouse:  Left button up, pos=(646,204)
186.4475 	EXP 	text_2: autoDraw = True
188.4159 	EXP 	New trial (rep=0, index=15): {u'thing': u'If I think something unpleasant is going to happen I usually get pretty "worked up."', u'reverse': 1}
188.4406 	EXP 	RatingScale rating: reset()
188.4406 	EXP 	window1: recordFrameIntervals = False
188.4483 	EXP 	text_2: autoDraw = False
188.4483 	EXP 	text_2: autoDraw = False
188.4483 	EXP 	stimulus_to_rate: text = u'If I think something unpleasant is going to happen I usually get pretty "worked up."'
188.4484 	EXP 	window1: recordFrameIntervals = False
188.9770 	EXP 	stimulus_to_rate: autoDraw = True
188.9770 	EXP 	rating: autoDraw = True
196.8116 	DATA 	Mouse: Left button down, pos=(700,304)
196.9196 	DATA 	Mouse:  Left button up, pos=(700,304)
197.7308 	DATA 	Mouse: Left button down, pos=(700,210)
197.7330 	DATA 	RatingScale rating: (mouse response) rating=3
197.7330 	DATA 	RatingScale rating: rating RT=8.771
197.7330 	DATA 	RatingScale rating: history=[(None, 0.0), (3, 7.851), (3, 8.771)]
197.7645 	EXP 	stimulus_to_rate: autoDraw = False
197.7645 	EXP 	rating: autoDraw = False
197.7645 	EXP 	text_2: text = 'You pressed 3 = somewhat false for me'
197.8867 	DATA 	Mouse:  Left button up, pos=(700,210)
198.1673 	EXP 	text_2: autoDraw = True
200.1489 	EXP 	New trial (rep=0, index=16): {u'thing': u'I often wonder why people act the way they do. ', u'reverse': 1}
200.1642 	EXP 	RatingScale rating: reset()
200.1642 	EXP 	window1: recordFrameIntervals = False
200.1797 	EXP 	text_2: autoDraw = False
200.1797 	EXP 	stimulus_to_rate: text = u'I often wonder why people act the way they do. '
200.1798 	EXP 	window1: recordFrameIntervals = False
200.7101 	EXP 	stimulus_to_rate: autoDraw = True
200.7101 	EXP 	rating: autoDraw = True
204.7196 	DATA 	Mouse: Left button down, pos=(582,314)
204.8754 	DATA 	Mouse:  Left button up, pos=(582,314)
205.4995 	DATA 	Mouse: Left button down, pos=(648,201)
205.5017 	DATA 	RatingScale rating: (mouse response) rating=2
205.5017 	DATA 	RatingScale rating: rating RT=4.807
205.5017 	DATA 	RatingScale rating: history=[(None, 0.0), (2, 4.026), (2, 4.807)]
205.5331 	EXP 	stimulus_to_rate: autoDraw = False
205.5331 	EXP 	rating: autoDraw = False
205.5331 	EXP 	text_2: text = 'You pressed 2 = somewhat true for me'
205.6243 	DATA 	Mouse:  Left button up, pos=(648,201)
205.9516 	EXP 	text_2: autoDraw = True
207.9176 	EXP 	New trial (rep=0, index=17): {u'thing': u'When good things happen to me, it affects me strongly. ', u'reverse': 1}
207.9349 	EXP 	RatingScale rating: reset()
207.9349 	EXP 	window1: recordFrameIntervals = False
207.9484 	EXP 	text_2: autoDraw = False
207.9484 	EXP 	stimulus_to_rate: text = u'When good things happen to me, it affects me strongly. '
207.9485 	EXP 	window1: recordFrameIntervals = False
208.4788 	EXP 	stimulus_to_rate: autoDraw = True
208.4788 	EXP 	rating: autoDraw = True
216.0158 	DATA 	Mouse: Left button down, pos=(578,313)
216.2043 	DATA 	Mouse:  Left button up, pos=(578,313)
217.1546 	DATA 	Mouse: Left button down, pos=(651,210)
217.1567 	DATA 	RatingScale rating: (mouse response) rating=2
217.1568 	DATA 	RatingScale rating: rating RT=8.693
217.1568 	DATA 	RatingScale rating: history=[(None, 0.0), (2, 7.553), (2, 8.693)]
217.2011 	EXP 	stimulus_to_rate: autoDraw = False
217.2011 	EXP 	rating: autoDraw = False
217.2011 	EXP 	text_2: text = 'You pressed 2 = somewhat true for me'
217.2637 	DATA 	Mouse:  Left button up, pos=(651,210)
217.5911 	EXP 	text_2: autoDraw = True
219.5728 	EXP 	New trial (rep=0, index=18): {u'thing': u'I feel worried when I think I have done poorly at something important. ', u'reverse': 1}
219.5916 	EXP 	RatingScale rating: reset()
219.5917 	EXP 	window1: recordFrameIntervals = False
219.6035 	EXP 	text_2: autoDraw = False
219.6035 	EXP 	stimulus_to_rate: text = u'I feel worried when I think I have done poorly at something important. '
219.6036 	EXP 	window1: recordFrameIntervals = False
220.1379 	EXP 	stimulus_to_rate: autoDraw = True
220.1379 	EXP 	rating: autoDraw = True
227.1452 	DATA 	Mouse: Left button down, pos=(588,313)
227.2876 	DATA 	Mouse:  Left button up, pos=(588,313)
228.1126 	DATA 	Mouse: Left button down, pos=(659,204)
228.1149 	DATA 	RatingScale rating: (mouse response) rating=2
228.1149 	DATA 	RatingScale rating: rating RT=7.992
228.1149 	DATA 	RatingScale rating: history=[(None, 0.0), (2, 7.024), (2, 7.992)]
228.1462 	EXP 	stimulus_to_rate: autoDraw = False
228.1462 	EXP 	rating: autoDraw = False
228.1462 	EXP 	text_2: text = 'You pressed 2 = somewhat true for me'
228.2528 	DATA 	Mouse:  Left button up, pos=(659,204)
228.5491 	EXP 	text_2: autoDraw = True
230.5320 	EXP 	New trial (rep=0, index=19): {u'thing': u'I crave excitement and new sensations.', u'reverse': 1}
230.5460 	EXP 	RatingScale rating: reset()
230.5460 	EXP 	window1: recordFrameIntervals = False
230.5614 	EXP 	text_2: autoDraw = False
230.5614 	EXP 	stimulus_to_rate: text = u'I crave excitement and new sensations.'
230.5615 	EXP 	window1: recordFrameIntervals = False
231.0918 	EXP 	stimulus_to_rate: autoDraw = True
231.0918 	EXP 	rating: autoDraw = True
236.9431 	DATA 	Mouse: Left button down, pos=(555,313)
237.0979 	DATA 	Mouse:  Left button up, pos=(555,313)
237.7687 	DATA 	Mouse: Left button down, pos=(614,199)
237.7709 	DATA 	RatingScale rating: (mouse response) rating=2
237.7709 	DATA 	RatingScale rating: rating RT=6.694
237.7709 	DATA 	RatingScale rating: history=[(None, 0.0), (2, 5.867), (2, 6.694)]
237.8023 	EXP 	stimulus_to_rate: autoDraw = False
237.8023 	EXP 	rating: autoDraw = False
237.8023 	EXP 	text_2: text = 'You pressed 2 = somewhat true for me'
237.9247 	DATA 	Mouse:  Left button up, pos=(614,199)
238.2053 	EXP 	text_2: autoDraw = True
240.1869 	EXP 	New trial (rep=0, index=20): {u'thing': u'When I go after something I use a "no holds barred" approach. ', u'reverse': 1}
240.2082 	EXP 	RatingScale rating: reset()
240.2082 	EXP 	window1: recordFrameIntervals = False
240.2177 	EXP 	text_2: autoDraw = False
240.2177 	EXP 	stimulus_to_rate: text = u'When I go after something I use a "no holds barred" approach. '
240.2177 	EXP 	window1: recordFrameIntervals = False
240.7481 	EXP 	stimulus_to_rate: autoDraw = True
240.7481 	EXP 	rating: autoDraw = True
248.5262 	DATA 	Mouse: Left button down, pos=(688,312)
248.6498 	DATA 	Mouse:  Left button up, pos=(688,312)
250.0089 	DATA 	Mouse: Left button down, pos=(664,202)
250.0111 	DATA 	RatingScale rating: (mouse response) rating=3
250.0111 	DATA 	RatingScale rating: rating RT=9.278
250.0111 	DATA 	RatingScale rating: history=[(None, 0.0), (3, 7.795), (3, 9.278)]
250.0563 	EXP 	stimulus_to_rate: autoDraw = False
250.0563 	EXP 	rating: autoDraw = False
250.0563 	EXP 	text_2: text = 'You pressed 3 = somewhat false for me'
250.1317 	DATA 	Mouse:  Left button up, pos=(664,202)
250.4592 	EXP 	text_2: autoDraw = True
252.4272 	EXP 	New trial (rep=0, index=21): {u'thing': u'I have very few fears compared to my friends. ', u'reverse': 0}
252.4423 	EXP 	RatingScale rating: reset()
252.4424 	EXP 	window1: recordFrameIntervals = False
252.4579 	EXP 	text_2: autoDraw = False
252.4579 	EXP 	text_2: autoDraw = False
252.4579 	EXP 	stimulus_to_rate: text = u'I have very few fears compared to my friends. '
252.4580 	EXP 	window1: recordFrameIntervals = False
252.9883 	EXP 	stimulus_to_rate: autoDraw = True
252.9883 	EXP 	rating: autoDraw = True
260.4805 	DATA 	Mouse: Left button down, pos=(455,298)
260.6073 	DATA 	Mouse:  Left button up, pos=(455,298)
262.2745 	DATA 	Mouse: Left button down, pos=(607,201)
262.2767 	DATA 	RatingScale rating: (mouse response) rating=1
262.2767 	DATA 	RatingScale rating: rating RT=9.304
262.2767 	DATA 	RatingScale rating: history=[(None, 0.0), (1, 7.509), (1, 9.304)]
262.3060 	EXP 	stimulus_to_rate: autoDraw = False
262.3060 	EXP 	rating: autoDraw = False
262.3060 	EXP 	text_2: text = 'You pressed 1 = very true for me'
262.3992 	DATA 	Mouse:  Left button up, pos=(607,201)
262.7110 	EXP 	text_2: autoDraw = True
264.6926 	EXP 	New trial (rep=0, index=22): {u'thing': u'It would excite me to win a contest. ', u'reverse': 1}
264.7065 	EXP 	RatingScale rating: reset()
264.7065 	EXP 	window1: recordFrameIntervals = False
264.7234 	EXP 	text_2: autoDraw = False
264.7234 	EXP 	stimulus_to_rate: text = u'It would excite me to win a contest. '
264.7235 	EXP 	window1: recordFrameIntervals = False
265.2538 	EXP 	stimulus_to_rate: autoDraw = True
265.2538 	EXP 	rating: autoDraw = True
268.0308 	DATA 	Mouse: Left button down, pos=(458,308)
268.1555 	DATA 	Mouse:  Left button up, pos=(458,308)
268.8264 	DATA 	Mouse: Left button down, pos=(601,198)
268.8287 	DATA 	RatingScale rating: (mouse response) rating=1
268.8287 	DATA 	RatingScale rating: rating RT=3.590
268.8287 	DATA 	RatingScale rating: history=[(None, 0.0), (1, 2.793), (1, 3.59)]
268.8579 	EXP 	stimulus_to_rate: autoDraw = False
268.8579 	EXP 	rating: autoDraw = False
268.8579 	EXP 	text_2: text = 'You pressed 1 = very true for me'
268.9667 	DATA 	Mouse:  Left button up, pos=(601,198)
269.2630 	EXP 	text_2: autoDraw = True
271.2445 	EXP 	New trial (rep=0, index=23): {u'thing': u'I worry about making mistakes. ', u'reverse': 1}
271.2574 	EXP 	RatingScale rating: reset()
271.2574 	EXP 	window1: recordFrameIntervals = False
271.2753 	EXP 	text_2: autoDraw = False
271.2753 	EXP 	stimulus_to_rate: text = u'I worry about making mistakes. '
271.2754 	EXP 	window1: recordFrameIntervals = False
271.8062 	EXP 	stimulus_to_rate: autoDraw = True
271.8062 	EXP 	rating: autoDraw = True
279.8735 	DATA 	Mouse: Left button down, pos=(633,308)
280.0478 	DATA 	Mouse:  Left button up, pos=(633,308)
282.8550 	DATA 	Mouse: Left button down, pos=(686,180)
282.8572 	DATA 	RatingScale rating: (mouse response) rating=2
282.8573 	DATA 	RatingScale rating: rating RT=11.067
282.8573 	DATA 	RatingScale rating: history=[(None, 0.0), (2, 8.084), (2, 11.067)]
282.8886 	EXP 	stimulus_to_rate: autoDraw = False
282.8886 	EXP 	rating: autoDraw = False
282.8886 	EXP 	text_2: text = 'You pressed 2 = somewhat true for me'
282.9954 	DATA 	Mouse:  Left button up, pos=(686,180)
283.2916 	EXP 	text_2: autoDraw = True
285.2884 	EXP 	text_2: autoDraw = False
285.2884 	EXP 	text_4: text = 46
285.2884 	EXP 	text_4: autoDraw = True
288.3406 	EXP 	window1: mouseVisible = True
