7.6982 	EXP 	Created window1 = Window(allowGUI=True, allowStencil=False, autoLog=True, bitsMode=UNKNOWN, blendMode='avg', color=array([ 0.,  0.,  0.]), colorSpace='rgb', fullscr=UNKNOWN, gamma=None, lms=UNKNOWN, monitor=<psychopy.monitors.calibTools.Monitor instance at 0x0525A918>, name='window1', pos=[0, 0], screen=0, size=array([1280, 1024]), stereo=False, units=u'norm', useFBO=True, viewOri=0.0, viewPos=None, viewScale=None, waitBlanking=True, winType='pyglet')
7.6982 	EXP 	window1: recordFrameIntervals = False
7.8644 	EXP 	window1: recordFrameIntervals = True
8.0476 	EXP 	window1: recordFrameIntervals = False
8.1852 	EXP 	Created text = TextStim(alignHoriz='center', alignVert='center', antialias=True, autoLog=True, bold=False, color='white', colorSpace='named', contrast=1.0, depth=0.0, flipHoriz=False, flipVert=False, font='Arial', fontFiles=[], height=0.1, italic=False, name='text', opacity=1.0, ori=0, pos=array([ 0.,  0.]), rgb=array([ 255.,  255.,  255.]), text=unicode(...), units=u'norm', win=Window(...), wrapWidth=1)
8.2064 	EXP 	window1: units = 'norm'
8.2727 	EXP 	window1: units = u'norm'
8.2729 	EXP 	Created rating = RatingScale(acceptKeys=['return'], acceptPreText=UNKNOWN, acceptSize=UNKNOWN, acceptText=u'accept?', autoLog=True, choices=False, depth=0, disappear=False, flipVert=False, high=4, kwargs=UNKNOWN, labels=list(...), leftKeys=['left'], lineColor='White', low=1, marker=ShapeStim(...), markerColor='DarkBlue', markerExpansion=UNKNOWN, markerStart=None, maxTime=0.0, minTime=0.4, mouseOnly=False, name='rating', noMouse=False, pos=[0.0, -0.4], precision=1, respKeys=['1', '2', '3', '4'], rightKeys=['right'], scale=str(...), self=UNKNOWN, showAccept=True, showValue=True, singleClick=False, size=0.6, skipKeys=['tab'], stretch=1.0, textColor='LightGray', textFont='Helvetica Bold', textSize=0.12, tickHeight=1.0, tickMarks=3.0, win=Window(...))
8.2799 	EXP 	Created stimulus_to_rate = TextStim(alignHoriz='center', alignVert='center', antialias=True, autoLog=True, bold=False, color='white', colorSpace='named', contrast=1.0, depth=-2.0, flipHoriz=False, flipVert=False, font='Arial', fontFiles=[], height=0.1, italic=False, name='stimulus_to_rate', opacity=1.0, ori=0, pos=array([ 0.,  0.]), rgb=array([ 255.,  255.,  255.]), text=u'default text', units=u'norm', win=Window(...), wrapWidth=1)
8.2857 	EXP 	Created text_2 = TextStim(alignHoriz='center', alignVert='center', antialias=True, autoLog=True, bold=False, color='white', colorSpace='named', contrast=1.0, depth=-1.0, flipHoriz=False, flipVert=False, font='Arial', fontFiles=[], height=0.1, italic=False, name='text_2', opacity=1.0, ori=0, pos=array([ 0.,  0.]), rgb=array([ 255.,  255.,  255.]), text=u'default text', units=u'norm', win=Window(...), wrapWidth=1)
8.2913 	EXP 	Created text_3 = TextStim(alignHoriz='center', alignVert='center', antialias=True, autoLog=True, bold=False, color='white', colorSpace='named', contrast=1.0, depth=0.0, flipHoriz=False, flipVert=False, font='Arial', fontFiles=[], height=0.1, italic=False, name='text_3', opacity=1.0, ori=0, pos=array([ 0.,  0.]), rgb=array([ 255.,  255.,  255.]), text=u'default text', units=u'norm', win=Window(...), wrapWidth=1)
8.3135 	EXP 	rating: flipVert = False
8.3135 	EXP 	rating: autoLog = True
8.3135 	EXP 	text: autoDraw = True
14.5279 	DATA 	Keypress: return
14.5391 	EXP 	Imported BIS11_questions.xlsx as conditions, 30 conditions, 2 params
14.5395 	EXP 	Created sequence: sequential, trialTypes=30, nReps=1, seed=None
14.5398 	EXP 	New trial (rep=0, index=0): {u'thing': u'I plan tasks carefully.', u'reverse': 1}
14.5455 	EXP 	RatingScale rating: reset()
14.5532 	EXP 	window1: recordFrameIntervals = False
14.5610 	EXP 	text: autoDraw = False
14.5610 	EXP 	stimulus_to_rate: text = u'I plan tasks carefully.'
14.5611 	EXP 	window1: recordFrameIntervals = False
15.1615 	EXP 	rating: autoDraw = True
15.1615 	EXP 	stimulus_to_rate: autoDraw = True
18.6431 	DATA 	Mouse: Left button down, pos=(704,310)
18.7782 	DATA 	Mouse:  Left button up, pos=(704,310)
19.7592 	DATA 	Mouse: Left button down, pos=(648,189)
19.7614 	DATA 	RatingScale rating: (mouse response) rating=3
19.7614 	DATA 	RatingScale rating: rating RT=4.700
19.7614 	DATA 	RatingScale rating: history=[(None, 0.0), (3, 3.583), (3, 4.7)]
19.7925 	EXP 	rating: autoDraw = False
19.7925 	EXP 	stimulus_to_rate: autoDraw = False
19.7925 	EXP 	text_2: text = 'You pressed 3 = often'
19.9091 	DATA 	Mouse:  Left button up, pos=(648,189)
20.2090 	EXP 	text_2: autoDraw = True
22.1745 	EXP 	New trial (rep=0, index=1): {u'thing': u'I do things without thinking.', u'reverse': 0}
22.1801 	EXP 	RatingScale rating: reset()
22.1873 	EXP 	window1: recordFrameIntervals = False
22.2081 	EXP 	text_2: autoDraw = False
22.2081 	EXP 	text_2: autoDraw = False
22.2081 	EXP 	stimulus_to_rate: text = u'I do things without thinking.'
22.2081 	EXP 	window1: recordFrameIntervals = False
22.7241 	EXP 	rating: autoDraw = True
22.7241 	EXP 	stimulus_to_rate: autoDraw = True
25.9735 	DATA 	Mouse: Left button down, pos=(828,313)
26.0585 	DATA 	Mouse:  Left button up, pos=(828,313)
27.3896 	DATA 	Mouse: Left button down, pos=(660,199)
27.3917 	DATA 	RatingScale rating: (mouse response) rating=4
27.3918 	DATA 	RatingScale rating: rating RT=4.684
27.3918 	DATA 	RatingScale rating: history=[(None, 0.0), (4, 3.267), (4, 4.684)]
27.4383 	EXP 	rating: autoDraw = False
27.4383 	EXP 	stimulus_to_rate: autoDraw = False
27.4383 	EXP 	text_2: text = 'You pressed 4 = almost always/always'
27.5555 	DATA 	Mouse:  Left button up, pos=(660,199)
27.8384 	EXP 	text_2: autoDraw = True
29.8049 	EXP 	New trial (rep=0, index=2): {u'thing': u'I make-up my mind quickly.', u'reverse': 0}
29.8105 	EXP 	RatingScale rating: reset()
29.8220 	EXP 	window1: recordFrameIntervals = False
29.8374 	EXP 	text_2: autoDraw = False
29.8374 	EXP 	text_2: autoDraw = False
29.8374 	EXP 	stimulus_to_rate: text = u'I make-up my mind quickly.'
29.8375 	EXP 	window1: recordFrameIntervals = False
30.3545 	EXP 	rating: autoDraw = True
30.3545 	EXP 	stimulus_to_rate: autoDraw = True
33.6529 	DATA 	Mouse: Left button down, pos=(443,308)
33.7358 	DATA 	Mouse:  Left button up, pos=(443,308)
34.2529 	DATA 	Mouse: Left button down, pos=(604,184)
34.2551 	DATA 	RatingScale rating: (mouse response) rating=1
34.2551 	DATA 	RatingScale rating: rating RT=3.917
34.2551 	DATA 	RatingScale rating: history=[(None, 0.0), (1, 3.316), (1, 3.917)]
34.2863 	EXP 	rating: autoDraw = False
34.2863 	EXP 	stimulus_to_rate: autoDraw = False
34.2863 	EXP 	text_2: text = 'You pressed 1 = never/rarely'
34.3528 	DATA 	Mouse:  Left button up, pos=(604,184)
34.7027 	EXP 	text_2: autoDraw = True
36.6683 	EXP 	New trial (rep=0, index=3): {u'thing': u'I am happy-go-lucky.', u'reverse': 0}
36.6739 	EXP 	RatingScale rating: reset()
36.6826 	EXP 	window1: recordFrameIntervals = False
36.7018 	EXP 	text_2: autoDraw = False
36.7018 	EXP 	text_2: autoDraw = False
36.7018 	EXP 	stimulus_to_rate: text = u'I am happy-go-lucky.'
36.7018 	EXP 	window1: recordFrameIntervals = False
37.2178 	EXP 	rating: autoDraw = True
37.2178 	EXP 	stimulus_to_rate: autoDraw = True
40.3672 	DATA 	Mouse: Left button down, pos=(579,311)
40.4671 	DATA 	Mouse:  Left button up, pos=(579,311)
41.1502 	DATA 	Mouse: Left button down, pos=(623,190)
41.1524 	DATA 	RatingScale rating: (mouse response) rating=2
41.1525 	DATA 	RatingScale rating: rating RT=3.951
41.1525 	DATA 	RatingScale rating: history=[(None, 0.0), (2, 3.167), (2, 3.951)]
41.1836 	EXP 	rating: autoDraw = False
41.1836 	EXP 	stimulus_to_rate: autoDraw = False
41.1836 	EXP 	text_2: text = 'You pressed 2 = occasionally'
41.2992 	DATA 	Mouse:  Left button up, pos=(623,190)
41.5990 	EXP 	text_2: autoDraw = True
43.5655 	EXP 	New trial (rep=0, index=4): {u'thing': u'I don\'t "pay attention."', u'reverse': 0}
43.5712 	EXP 	RatingScale rating: reset()
43.5830 	EXP 	window1: recordFrameIntervals = False
43.5981 	EXP 	text_2: autoDraw = False
43.5981 	EXP 	text_2: autoDraw = False
43.5981 	EXP 	stimulus_to_rate: text = u'I don\'t "pay attention."'
43.5982 	EXP 	window1: recordFrameIntervals = False
44.1151 	EXP 	rating: autoDraw = True
44.1151 	EXP 	stimulus_to_rate: autoDraw = True
47.3475 	DATA 	Mouse: Left button down, pos=(705,313)
47.4655 	DATA 	Mouse:  Left button up, pos=(705,313)
48.5796 	DATA 	Mouse: Left button down, pos=(693,198)
48.5818 	DATA 	RatingScale rating: (mouse response) rating=3
48.5818 	DATA 	RatingScale rating: rating RT=4.483
48.5819 	DATA 	RatingScale rating: history=[(None, 0.0), (3, 3.25), (3, 4.483)]
48.6133 	EXP 	rating: autoDraw = False
48.6133 	EXP 	stimulus_to_rate: autoDraw = False
48.6133 	EXP 	text_2: text = 'You pressed 3 = often'
48.6965 	DATA 	Mouse:  Left button up, pos=(693,198)
49.0293 	EXP 	text_2: autoDraw = True
50.9959 	EXP 	New trial (rep=0, index=5): {u'thing': u'I have "racing" thoughts.', u'reverse': 0}
51.0015 	EXP 	RatingScale rating: reset()
51.0105 	EXP 	window1: recordFrameIntervals = False
51.0284 	EXP 	text_2: autoDraw = False
51.0284 	EXP 	text_2: autoDraw = False
51.0284 	EXP 	stimulus_to_rate: text = u'I have "racing" thoughts.'
51.0285 	EXP 	window1: recordFrameIntervals = False
51.5445 	EXP 	rating: autoDraw = True
51.5445 	EXP 	stimulus_to_rate: autoDraw = True
53.7938 	DATA 	Mouse: Left button down, pos=(831,314)
53.8938 	DATA 	Mouse:  Left button up, pos=(831,314)
54.3769 	DATA 	Mouse: Left button down, pos=(664,184)
54.3791 	DATA 	RatingScale rating: (mouse response) rating=4
54.3791 	DATA 	RatingScale rating: rating RT=2.850
54.3791 	DATA 	RatingScale rating: history=[(None, 0.0), (4, 2.266), (4, 2.85)]
54.4115 	EXP 	rating: autoDraw = False
54.4115 	EXP 	stimulus_to_rate: autoDraw = False
54.4115 	EXP 	text_2: text = 'You pressed 4 = almost always/always'
54.5108 	DATA 	Mouse:  Left button up, pos=(664,185)
54.8266 	EXP 	text_2: autoDraw = True
56.7933 	EXP 	New trial (rep=0, index=6): {u'thing': u'I plan trips well ahead of time.', u'reverse': 1}
56.7988 	EXP 	RatingScale rating: reset()
56.8062 	EXP 	window1: recordFrameIntervals = False
56.8257 	EXP 	text_2: autoDraw = False
56.8257 	EXP 	text_2: autoDraw = False
56.8257 	EXP 	stimulus_to_rate: text = u'I plan trips well ahead of time.'
56.8258 	EXP 	window1: recordFrameIntervals = False
57.3428 	EXP 	rating: autoDraw = True
57.3428 	EXP 	stimulus_to_rate: autoDraw = True
59.9928 	DATA 	Mouse: Left button down, pos=(701,312)
60.1251 	DATA 	Mouse:  Left button up, pos=(701,312)
60.7242 	DATA 	Mouse: Left button down, pos=(673,207)
60.7264 	DATA 	RatingScale rating: (mouse response) rating=3
60.7264 	DATA 	RatingScale rating: rating RT=3.400
60.7264 	DATA 	RatingScale rating: history=[(None, 0.0), (3, 2.683), (3, 3.4)]
60.7579 	EXP 	rating: autoDraw = False
60.7579 	EXP 	stimulus_to_rate: autoDraw = False
60.7579 	EXP 	text_2: text = 'You pressed 3 = often'
60.8581 	DATA 	Mouse:  Left button up, pos=(673,207)
61.1739 	EXP 	text_2: autoDraw = True
63.1405 	EXP 	New trial (rep=0, index=7): {u'thing': u'I am self controlled.', u'reverse': 1}
63.1463 	EXP 	RatingScale rating: reset()
63.1524 	EXP 	window1: recordFrameIntervals = False
63.1730 	EXP 	text_2: autoDraw = False
63.1730 	EXP 	text_2: autoDraw = False
63.1730 	EXP 	stimulus_to_rate: text = u'I am self controlled.'
63.1731 	EXP 	window1: recordFrameIntervals = False
63.6901 	EXP 	rating: autoDraw = True
63.6901 	EXP 	stimulus_to_rate: autoDraw = True
65.7894 	DATA 	Mouse: Left button down, pos=(571,316)
65.9053 	DATA 	Mouse:  Left button up, pos=(571,316)
67.6736 	DATA 	Mouse: Left button down, pos=(445,317)
67.8044 	DATA 	Mouse:  Left button up, pos=(445,317)
68.4566 	DATA 	Mouse: Left button down, pos=(599,204)
68.4568 	DATA 	RatingScale rating: (mouse response) rating=1
68.4568 	DATA 	RatingScale rating: rating RT=4.783
68.4568 	DATA 	RatingScale rating: history=[(None, 0.0), (2, 2.117), (1, 4.0), (1, 4.783)]
68.4879 	EXP 	rating: autoDraw = False
68.4879 	EXP 	stimulus_to_rate: autoDraw = False
68.4879 	EXP 	text_2: text = 'You pressed 1 = never/rarely'
68.6045 	DATA 	Mouse:  Left button up, pos=(599,204)
68.9043 	EXP 	text_2: autoDraw = True
70.8698 	EXP 	New trial (rep=0, index=8): {u'thing': u'I concentrate easily.', u'reverse': 1}
70.8754 	EXP 	RatingScale rating: reset()
70.8818 	EXP 	window1: recordFrameIntervals = False
70.9034 	EXP 	text_2: autoDraw = False
70.9034 	EXP 	text_2: autoDraw = False
70.9034 	EXP 	stimulus_to_rate: text = u'I concentrate easily.'
70.9035 	EXP 	window1: recordFrameIntervals = False
71.4034 	EXP 	rating: autoDraw = True
71.4034 	EXP 	stimulus_to_rate: autoDraw = True
74.0858 	DATA 	Mouse: Left button down, pos=(576,311)
74.2017 	DATA 	Mouse:  Left button up, pos=(576,311)
74.7209 	DATA 	Mouse: Left button down, pos=(648,196)
74.7211 	DATA 	RatingScale rating: (mouse response) rating=2
74.7211 	DATA 	RatingScale rating: rating RT=3.332
74.7211 	DATA 	RatingScale rating: history=[(None, 0.0), (2, 2.698), (2, 3.332)]
74.7516 	EXP 	rating: autoDraw = False
74.7516 	EXP 	stimulus_to_rate: autoDraw = False
74.7516 	EXP 	text_2: text = 'You pressed 2 = occasionally'
74.9017 	DATA 	Mouse:  Left button up, pos=(648,196)
75.1676 	EXP 	text_2: autoDraw = True
77.1342 	EXP 	New trial (rep=0, index=9): {u'thing': u'I save regularly.', u'reverse': 1}
77.1397 	EXP 	RatingScale rating: reset()
77.1452 	EXP 	window1: recordFrameIntervals = False
77.1529 	EXP 	text_2: autoDraw = False
77.1529 	EXP 	text_2: autoDraw = False
77.1529 	EXP 	stimulus_to_rate: text = u'I save regularly.'
77.1529 	EXP 	window1: recordFrameIntervals = False
77.6667 	EXP 	rating: autoDraw = True
77.6667 	EXP 	stimulus_to_rate: autoDraw = True
81.6491 	DATA 	Mouse: Left button down, pos=(578,314)
81.7842 	DATA 	Mouse:  Left button up, pos=(578,314)
82.4322 	DATA 	Mouse: Left button down, pos=(646,199)
82.4343 	DATA 	RatingScale rating: (mouse response) rating=2
82.4343 	DATA 	RatingScale rating: rating RT=4.782
82.4344 	DATA 	RatingScale rating: history=[(None, 0.0), (2, 3.998), (2, 4.782)]
82.4666 	EXP 	rating: autoDraw = False
82.4666 	EXP 	stimulus_to_rate: autoDraw = False
82.4666 	EXP 	text_2: text = 'You pressed 2 = occasionally'
82.5651 	DATA 	Mouse:  Left button up, pos=(646,199)
82.8810 	EXP 	text_2: autoDraw = True
84.8476 	EXP 	New trial (rep=0, index=10): {u'thing': u'I "squirm" at plays or lectures', u'reverse': 0}
84.8533 	EXP 	RatingScale rating: reset()
84.8642 	EXP 	window1: recordFrameIntervals = False
84.8802 	EXP 	text_2: autoDraw = False
84.8802 	EXP 	text_2: autoDraw = False
84.8802 	EXP 	stimulus_to_rate: text = u'I "squirm" at plays or lectures'
84.8802 	EXP 	window1: recordFrameIntervals = False
85.3971 	EXP 	rating: autoDraw = True
85.3971 	EXP 	stimulus_to_rate: autoDraw = True
89.0125 	DATA 	Mouse: Left button down, pos=(702,317)
89.1284 	DATA 	Mouse:  Left button up, pos=(702,317)
89.8115 	DATA 	Mouse: Left button down, pos=(634,186)
89.8137 	DATA 	RatingScale rating: (mouse response) rating=3
89.8137 	DATA 	RatingScale rating: rating RT=4.433
89.8137 	DATA 	RatingScale rating: history=[(None, 0.0), (3, 3.633), (3, 4.433)]
89.8453 	EXP 	rating: autoDraw = False
89.8453 	EXP 	stimulus_to_rate: autoDraw = False
89.8453 	EXP 	text_2: text = 'You pressed 3 = often'
89.9455 	DATA 	Mouse:  Left button up, pos=(634,186)
90.2613 	EXP 	text_2: autoDraw = True
92.2279 	EXP 	New trial (rep=0, index=11): {u'thing': u'I am a careful thinker.', u'reverse': 1}
92.2334 	EXP 	RatingScale rating: reset()
92.2931 	EXP 	window1: recordFrameIntervals = False
92.3104 	EXP 	text_2: autoDraw = False
92.3104 	EXP 	text_2: autoDraw = False
92.3104 	EXP 	stimulus_to_rate: text = u'I am a careful thinker.'
92.3105 	EXP 	window1: recordFrameIntervals = False
92.8275 	EXP 	rating: autoDraw = True
92.8275 	EXP 	stimulus_to_rate: autoDraw = True
97.1249 	DATA 	Mouse: Left button down, pos=(706,313)
97.2248 	DATA 	Mouse:  Left button up, pos=(706,313)
97.9940 	DATA 	Mouse: Left button down, pos=(654,174)
97.9941 	DATA 	RatingScale rating: (mouse response) rating=3
97.9941 	DATA 	RatingScale rating: rating RT=5.183
97.9941 	DATA 	RatingScale rating: history=[(None, 0.0), (3, 4.315), (3, 5.183)]
98.0247 	EXP 	rating: autoDraw = False
98.0247 	EXP 	stimulus_to_rate: autoDraw = False
98.0247 	EXP 	text_2: text = 'You pressed 3 = often'
98.1249 	DATA 	Mouse:  Left button up, pos=(654,174)
98.4407 	EXP 	text_2: autoDraw = True
100.4073 	EXP 	New trial (rep=0, index=12): {u'thing': u'I plan for job security.', u'reverse': 1}
100.4131 	EXP 	RatingScale rating: reset()
100.4223 	EXP 	window1: recordFrameIntervals = False
100.4398 	EXP 	text_2: autoDraw = False
100.4398 	EXP 	text_2: autoDraw = False
100.4398 	EXP 	stimulus_to_rate: text = u'I plan for job security.'
100.4400 	EXP 	window1: recordFrameIntervals = False
100.9568 	EXP 	rating: autoDraw = True
100.9568 	EXP 	stimulus_to_rate: autoDraw = True
105.0383 	DATA 	Mouse: Left button down, pos=(702,311)
105.1382 	DATA 	Mouse:  Left button up, pos=(702,311)
105.9053 	DATA 	Mouse: Left button down, pos=(646,182)
105.9075 	DATA 	RatingScale rating: (mouse response) rating=3
105.9075 	DATA 	RatingScale rating: rating RT=4.967
105.9075 	DATA 	RatingScale rating: history=[(None, 0.0), (3, 4.099), (3, 4.967)]
105.9381 	EXP 	rating: autoDraw = False
105.9381 	EXP 	stimulus_to_rate: autoDraw = False
105.9381 	EXP 	text_2: text = 'You pressed 3 = often'
105.9882 	DATA 	Mouse:  Left button up, pos=(646,182)
106.3541 	EXP 	text_2: autoDraw = True
108.3206 	EXP 	New trial (rep=0, index=13): {u'thing': u'I say things without thinking.', u'reverse': 0}
108.3262 	EXP 	RatingScale rating: reset()
108.3334 	EXP 	window1: recordFrameIntervals = False
108.3532 	EXP 	text_2: autoDraw = False
108.3532 	EXP 	text_2: autoDraw = False
108.3532 	EXP 	stimulus_to_rate: text = u'I say things without thinking.'
108.3533 	EXP 	window1: recordFrameIntervals = False
108.8702 	EXP 	rating: autoDraw = True
108.8702 	EXP 	stimulus_to_rate: autoDraw = True
110.7855 	DATA 	Mouse: Left button down, pos=(826,319)
110.9216 	DATA 	Mouse:  Left button up, pos=(826,318)
111.4355 	DATA 	Mouse: Left button down, pos=(693,200)
111.4377 	DATA 	RatingScale rating: (mouse response) rating=4
111.4377 	DATA 	RatingScale rating: rating RT=2.584
111.4378 	DATA 	RatingScale rating: history=[(None, 0.0), (4, 1.933), (4, 2.584)]
111.4703 	EXP 	rating: autoDraw = False
111.4703 	EXP 	stimulus_to_rate: autoDraw = False
111.4703 	EXP 	text_2: text = 'You pressed 4 = almost always/always'
111.5525 	DATA 	Mouse:  Left button up, pos=(693,200)
111.8853 	EXP 	text_2: autoDraw = True
113.8519 	EXP 	New trial (rep=0, index=14): {u'thing': u'I like to think about complex problems.', u'reverse': 1}
113.8575 	EXP 	RatingScale rating: reset()
113.8664 	EXP 	window1: recordFrameIntervals = False
113.8844 	EXP 	text_2: autoDraw = False
113.8844 	EXP 	text_2: autoDraw = False
113.8844 	EXP 	stimulus_to_rate: text = u'I like to think about complex problems.'
113.8845 	EXP 	window1: recordFrameIntervals = False
114.4005 	EXP 	rating: autoDraw = True
114.4005 	EXP 	stimulus_to_rate: autoDraw = True
116.1008 	DATA 	Mouse: Left button down, pos=(705,314)
116.2167 	DATA 	Mouse:  Left button up, pos=(705,314)
117.1168 	DATA 	Mouse: Left button down, pos=(690,206)
117.1190 	DATA 	RatingScale rating: (mouse response) rating=3
117.1190 	DATA 	RatingScale rating: rating RT=2.734
117.1190 	DATA 	RatingScale rating: history=[(None, 0.0), (3, 1.717), (3, 2.734)]
117.1496 	EXP 	rating: autoDraw = False
117.1496 	EXP 	stimulus_to_rate: autoDraw = False
117.1496 	EXP 	text_2: text = 'You pressed 3 = often'
117.2498 	DATA 	Mouse:  Left button up, pos=(690,206)
117.5666 	EXP 	text_2: autoDraw = True
119.5322 	EXP 	New trial (rep=0, index=15): {u'thing': u'I change jobs.', u'reverse': 0}
119.5380 	EXP 	RatingScale rating: reset()
119.5437 	EXP 	window1: recordFrameIntervals = False
119.5514 	EXP 	text_2: autoDraw = False
119.5514 	EXP 	text_2: autoDraw = False
119.5514 	EXP 	stimulus_to_rate: text = u'I change jobs.'
119.5514 	EXP 	window1: recordFrameIntervals = False
120.0647 	EXP 	rating: autoDraw = True
120.0647 	EXP 	stimulus_to_rate: autoDraw = True
122.4311 	DATA 	Mouse: Left button down, pos=(576,315)
122.5472 	DATA 	Mouse:  Left button up, pos=(576,315)
123.0971 	DATA 	Mouse: Left button down, pos=(637,190)
123.0993 	DATA 	RatingScale rating: (mouse response) rating=2
123.0994 	DATA 	RatingScale rating: rating RT=3.049
123.0994 	DATA 	RatingScale rating: history=[(None, 0.0), (2, 2.382), (2, 3.049)]
123.1309 	EXP 	rating: autoDraw = False
123.1309 	EXP 	stimulus_to_rate: autoDraw = False
123.1309 	EXP 	text_2: text = 'You pressed 2 = occasionally'
123.2300 	DATA 	Mouse:  Left button up, pos=(637,190)
123.5469 	EXP 	text_2: autoDraw = True
125.5134 	EXP 	New trial (rep=0, index=16): {u'thing': u'I act "on impulse."', u'reverse': 0}
125.5190 	EXP 	RatingScale rating: reset()
125.5270 	EXP 	window1: recordFrameIntervals = False
125.5460 	EXP 	text_2: autoDraw = False
125.5460 	EXP 	text_2: autoDraw = False
125.5460 	EXP 	stimulus_to_rate: text = u'I act "on impulse."'
125.5461 	EXP 	window1: recordFrameIntervals = False
126.0620 	EXP 	rating: autoDraw = True
126.0620 	EXP 	stimulus_to_rate: autoDraw = True
129.3284 	DATA 	Mouse: Left button down, pos=(705,312)
129.4281 	DATA 	Mouse:  Left button up, pos=(705,312)
130.0779 	DATA 	Mouse: Left button down, pos=(656,200)
130.0801 	DATA 	RatingScale rating: (mouse response) rating=3
130.0801 	DATA 	RatingScale rating: rating RT=4.034
130.0801 	DATA 	RatingScale rating: history=[(None, 0.0), (3, 3.283), (3, 4.034)]
130.1104 	EXP 	rating: autoDraw = False
130.1104 	EXP 	stimulus_to_rate: autoDraw = False
130.1104 	EXP 	text_2: text = 'You pressed 3 = often'
130.2274 	DATA 	Mouse:  Left button up, pos=(656,200)
130.5272 	EXP 	text_2: autoDraw = True
132.4937 	EXP 	New trial (rep=0, index=17): {u'thing': u'I get easily bored when solving thought problems.', u'reverse': 0}
132.4993 	EXP 	RatingScale rating: reset()
132.5096 	EXP 	window1: recordFrameIntervals = False
132.5263 	EXP 	text_2: autoDraw = False
132.5263 	EXP 	text_2: autoDraw = False
132.5263 	EXP 	stimulus_to_rate: text = u'I get easily bored when solving thought problems.'
132.5264 	EXP 	window1: recordFrameIntervals = False
133.0424 	EXP 	rating: autoDraw = True
133.0424 	EXP 	stimulus_to_rate: autoDraw = True
136.4248 	DATA 	Mouse: Left button down, pos=(699,315)
136.5280 	DATA 	Mouse:  Left button up, pos=(699,315)
137.2422 	DATA 	Mouse: Left button down, pos=(677,195)
137.2444 	DATA 	RatingScale rating: (mouse response) rating=3
137.2444 	DATA 	RatingScale rating: rating RT=4.218
137.2444 	DATA 	RatingScale rating: history=[(None, 0.0), (3, 3.399), (3, 4.218)]
137.2746 	EXP 	rating: autoDraw = False
137.2746 	EXP 	stimulus_to_rate: autoDraw = False
137.2746 	EXP 	text_2: text = 'You pressed 3 = often'
137.3747 	DATA 	Mouse:  Left button up, pos=(677,195)
137.6912 	EXP 	text_2: autoDraw = True
139.6577 	EXP 	New trial (rep=0, index=18): {u'thing': u'I act on the spur of the moment.', u'reverse': 0}
139.6633 	EXP 	RatingScale rating: reset()
139.6706 	EXP 	window1: recordFrameIntervals = False
139.6897 	EXP 	text_2: autoDraw = False
139.6897 	EXP 	text_2: autoDraw = False
139.6897 	EXP 	stimulus_to_rate: text = u'I act on the spur of the moment.'
139.6898 	EXP 	window1: recordFrameIntervals = False
140.2067 	EXP 	rating: autoDraw = True
140.2067 	EXP 	stimulus_to_rate: autoDraw = True
142.4077 	DATA 	Mouse: Left button down, pos=(576,321)
142.5235 	DATA 	Mouse:  Left button up, pos=(576,321)
143.1920 	DATA 	Mouse: Left button down, pos=(643,201)
143.1922 	DATA 	RatingScale rating: (mouse response) rating=2
143.1922 	DATA 	RatingScale rating: rating RT=3.002
143.1922 	DATA 	RatingScale rating: history=[(None, 0.0), (2, 2.233), (2, 3.002)]
143.2230 	EXP 	rating: autoDraw = False
143.2230 	EXP 	stimulus_to_rate: autoDraw = False
143.2230 	EXP 	text_2: text = 'You pressed 2 = occasionally'
143.2892 	DATA 	Mouse:  Left button up, pos=(643,201)
143.6392 	EXP 	text_2: autoDraw = True
145.6055 	EXP 	New trial (rep=0, index=19): {u'thing': u'I am a steady thinker.', u'reverse': 1}
145.6114 	EXP 	RatingScale rating: reset()
145.6175 	EXP 	window1: recordFrameIntervals = False
145.6370 	EXP 	text_2: autoDraw = False
145.6370 	EXP 	text_2: autoDraw = False
145.6370 	EXP 	stimulus_to_rate: text = u'I am a steady thinker.'
145.6370 	EXP 	window1: recordFrameIntervals = False
146.1540 	EXP 	rating: autoDraw = True
146.1540 	EXP 	stimulus_to_rate: autoDraw = True
149.2524 	DATA 	Mouse: Left button down, pos=(574,312)
149.3693 	DATA 	Mouse:  Left button up, pos=(574,312)
150.2024 	DATA 	Mouse: Left button down, pos=(610,204)
150.2046 	DATA 	RatingScale rating: (mouse response) rating=2
150.2046 	DATA 	RatingScale rating: rating RT=4.067
150.2046 	DATA 	RatingScale rating: history=[(None, 0.0), (2, 3.116), (2, 4.067)]
150.2352 	EXP 	rating: autoDraw = False
150.2352 	EXP 	stimulus_to_rate: autoDraw = False
150.2352 	EXP 	text_2: text = 'You pressed 2 = occasionally'
150.3533 	DATA 	Mouse:  Left button up, pos=(610,204)
150.6367 	EXP 	text_2: autoDraw = True
152.6196 	EXP 	New trial (rep=0, index=20): {u'thing': u'I change residences.', u'reverse': 0}
152.6252 	EXP 	RatingScale rating: reset()
152.6311 	EXP 	window1: recordFrameIntervals = False
152.6513 	EXP 	text_2: autoDraw = False
152.6513 	EXP 	stimulus_to_rate: text = u'I change residences.'
152.6514 	EXP 	window1: recordFrameIntervals = False
153.1673 	EXP 	rating: autoDraw = True
153.1673 	EXP 	stimulus_to_rate: autoDraw = True
156.9827 	DATA 	Mouse: Left button down, pos=(575,312)
157.0657 	DATA 	Mouse:  Left button up, pos=(575,312)
157.6009 	DATA 	Mouse: Left button down, pos=(645,214)
157.6011 	DATA 	RatingScale rating: (mouse response) rating=2
157.6011 	DATA 	RatingScale rating: rating RT=4.450
157.6011 	DATA 	RatingScale rating: history=[(None, 0.0), (2, 3.833), (2, 4.45)]
157.6322 	EXP 	rating: autoDraw = False
157.6322 	EXP 	stimulus_to_rate: autoDraw = False
157.6322 	EXP 	text_2: text = 'You pressed 2 = occasionally'
157.7673 	DATA 	Mouse:  Left button up, pos=(645,214)
158.0340 	EXP 	text_2: autoDraw = True
160.0170 	EXP 	New trial (rep=0, index=21): {u'thing': u'I buy things on impulse.', u'reverse': 0}
160.0226 	EXP 	RatingScale rating: reset()
160.0290 	EXP 	window1: recordFrameIntervals = False
160.0477 	EXP 	text_2: autoDraw = False
160.0477 	EXP 	stimulus_to_rate: text = u'I buy things on impulse.'
160.0477 	EXP 	window1: recordFrameIntervals = False
160.5637 	EXP 	rating: autoDraw = True
160.5637 	EXP 	stimulus_to_rate: autoDraw = True
162.1800 	DATA 	Mouse: Left button down, pos=(699,318)
162.2799 	DATA 	Mouse:  Left button up, pos=(699,318)
164.4813 	DATA 	Mouse: Left button down, pos=(573,320)
164.5960 	DATA 	Mouse:  Left button up, pos=(573,320)
165.0812 	DATA 	Mouse: Left button down, pos=(627,191)
165.0813 	DATA 	RatingScale rating: (mouse response) rating=2
165.0813 	DATA 	RatingScale rating: rating RT=4.533
165.0814 	DATA 	RatingScale rating: history=[(None, 0.0), (3, 1.633), (2, 3.933), (2, 4.533)]
165.1128 	EXP 	rating: autoDraw = False
165.1128 	EXP 	stimulus_to_rate: autoDraw = False
165.1128 	EXP 	text_2: text = 'You pressed 2 = occasionally'
165.2290 	DATA 	Mouse:  Left button up, pos=(627,191)
165.5289 	EXP 	text_2: autoDraw = True
167.4945 	EXP 	New trial (rep=0, index=22): {u'thing': u'I can only think about one thing at a time.', u'reverse': 0}
167.5002 	EXP 	RatingScale rating: reset()
167.5097 	EXP 	window1: recordFrameIntervals = False
167.5280 	EXP 	text_2: autoDraw = False
167.5280 	EXP 	text_2: autoDraw = False
167.5280 	EXP 	stimulus_to_rate: text = u'I can only think about one thing at a time.'
167.5281 	EXP 	window1: recordFrameIntervals = False
168.0440 	EXP 	rating: autoDraw = True
168.0440 	EXP 	stimulus_to_rate: autoDraw = True
170.9605 	DATA 	Mouse: Left button down, pos=(568,314)
171.0955 	DATA 	Mouse:  Left button up, pos=(568,314)
172.4925 	DATA 	Mouse: Left button down, pos=(700,311)
172.5924 	DATA 	Mouse:  Left button up, pos=(700,311)
173.2425 	DATA 	Mouse: Left button down, pos=(676,172)
173.2447 	DATA 	RatingScale rating: (mouse response) rating=3
173.2447 	DATA 	RatingScale rating: rating RT=5.217
173.2447 	DATA 	RatingScale rating: history=[(None, 0.0), (2, 2.933), (3, 4.467), (3, 5.217)]
173.2753 	EXP 	rating: autoDraw = False
173.2753 	EXP 	stimulus_to_rate: autoDraw = False
173.2753 	EXP 	text_2: text = 'You pressed 3 = often'
173.3754 	DATA 	Mouse:  Left button up, pos=(676,172)
173.6913 	EXP 	text_2: autoDraw = True
175.6579 	EXP 	New trial (rep=0, index=23): {u'thing': u'I change hobbies.', u'reverse': 0}
175.6635 	EXP 	RatingScale rating: reset()
175.6690 	EXP 	window1: recordFrameIntervals = False
175.6767 	EXP 	text_2: autoDraw = False
175.6767 	EXP 	text_2: autoDraw = False
175.6767 	EXP 	stimulus_to_rate: text = u'I change hobbies.'
175.6767 	EXP 	window1: recordFrameIntervals = False
176.2074 	EXP 	rating: autoDraw = True
176.2074 	EXP 	stimulus_to_rate: autoDraw = True
179.1398 	DATA 	Mouse: Left button down, pos=(701,314)
179.2227 	DATA 	Mouse:  Left button up, pos=(701,314)
179.8079 	DATA 	Mouse: Left button down, pos=(653,178)
179.8081 	DATA 	RatingScale rating: (mouse response) rating=3
179.8081 	DATA 	RatingScale rating: rating RT=3.632
179.8081 	DATA 	RatingScale rating: history=[(None, 0.0), (3, 2.965), (3, 3.632)]
179.8386 	EXP 	rating: autoDraw = False
179.8386 	EXP 	stimulus_to_rate: autoDraw = False
179.8386 	EXP 	text_2: text = 'You pressed 3 = often'
179.9388 	DATA 	Mouse:  Left button up, pos=(653,178)
180.2556 	EXP 	text_2: autoDraw = True
182.2222 	EXP 	New trial (rep=0, index=24): {u'thing': u'I spend or charge more than I earn.', u'reverse': 0}
182.2277 	EXP 	RatingScale rating: reset()
182.2364 	EXP 	window1: recordFrameIntervals = False
182.2547 	EXP 	text_2: autoDraw = False
182.2547 	EXP 	text_2: autoDraw = False
182.2547 	EXP 	stimulus_to_rate: text = u'I spend or charge more than I earn.'
182.2548 	EXP 	window1: recordFrameIntervals = False
182.7707 	EXP 	rating: autoDraw = True
182.7707 	EXP 	stimulus_to_rate: autoDraw = True
188.1522 	DATA 	Mouse: Left button down, pos=(571,316)
188.2692 	DATA 	Mouse:  Left button up, pos=(571,316)
189.0523 	DATA 	Mouse: Left button down, pos=(443,313)
189.1852 	DATA 	Mouse:  Left button up, pos=(443,313)
189.7514 	DATA 	Mouse: Left button down, pos=(628,199)
189.7536 	DATA 	RatingScale rating: (mouse response) rating=1
189.7536 	DATA 	RatingScale rating: rating RT=6.999
189.7536 	DATA 	RatingScale rating: history=[(None, 0.0), (2, 5.398), (1, 6.299), (1, 6.999)]
189.7851 	EXP 	rating: autoDraw = False
189.7851 	EXP 	stimulus_to_rate: autoDraw = False
189.7851 	EXP 	text_2: text = 'You pressed 1 = never/rarely'
189.9182 	DATA 	Mouse:  Left button up, pos=(628,199)
190.2011 	EXP 	text_2: autoDraw = True
192.1676 	EXP 	New trial (rep=0, index=25): {u'thing': u'I often have extraneous thoughts when thinking.', u'reverse': 0}
192.1732 	EXP 	RatingScale rating: reset()
192.1833 	EXP 	window1: recordFrameIntervals = False
192.2002 	EXP 	text_2: autoDraw = False
192.2002 	EXP 	text_2: autoDraw = False
192.2002 	EXP 	stimulus_to_rate: text = u'I often have extraneous thoughts when thinking.'
192.2002 	EXP 	window1: recordFrameIntervals = False
192.7172 	EXP 	rating: autoDraw = True
192.7172 	EXP 	stimulus_to_rate: autoDraw = True
196.8986 	DATA 	Mouse: Left button down, pos=(833,308)
197.0316 	DATA 	Mouse:  Left button up, pos=(833,308)
197.7147 	DATA 	Mouse: Left button down, pos=(655,197)
197.7169 	DATA 	RatingScale rating: (mouse response) rating=4
197.7169 	DATA 	RatingScale rating: rating RT=5.016
197.7169 	DATA 	RatingScale rating: history=[(None, 0.0), (4, 4.199), (4, 5.016)]
197.7492 	EXP 	rating: autoDraw = False
197.7492 	EXP 	stimulus_to_rate: autoDraw = False
197.7492 	EXP 	text_2: text = 'You pressed 4 = almost always/always'
197.8476 	DATA 	Mouse:  Left button up, pos=(655,197)
198.1645 	EXP 	text_2: autoDraw = True
200.1311 	EXP 	New trial (rep=0, index=26): {u'thing': u'I am more interested in the present than the future.', u'reverse': 0}
200.1367 	EXP 	RatingScale rating: reset()
200.1474 	EXP 	window1: recordFrameIntervals = False
200.1636 	EXP 	text_2: autoDraw = False
200.1636 	EXP 	text_2: autoDraw = False
200.1636 	EXP 	stimulus_to_rate: text = u'I am more interested in the present than the future.'
200.1636 	EXP 	window1: recordFrameIntervals = False
200.6796 	EXP 	rating: autoDraw = True
200.6796 	EXP 	stimulus_to_rate: autoDraw = True
204.0950 	DATA 	Mouse: Left button down, pos=(575,313)
204.2289 	DATA 	Mouse:  Left button up, pos=(575,313)
205.0801 	DATA 	Mouse: Left button down, pos=(447,310)
205.1950 	DATA 	Mouse:  Left button up, pos=(447,311)
208.7932 	DATA 	Mouse: Left button down, pos=(573,312)
208.8931 	DATA 	Mouse:  Left button up, pos=(574,312)
209.6262 	DATA 	Mouse: Left button down, pos=(625,176)
209.6284 	DATA 	RatingScale rating: (mouse response) rating=2
209.6284 	DATA 	RatingScale rating: rating RT=8.965
209.6285 	DATA 	RatingScale rating: history=[(None, 0.0), (2, 3.432), (1, 4.416), (2, 8.131), (2, 8.965)]
209.6597 	EXP 	rating: autoDraw = False
209.6597 	EXP 	stimulus_to_rate: autoDraw = False
209.6597 	EXP 	text_2: text = 'You pressed 2 = occasionally'
209.7432 	DATA 	Mouse:  Left button up, pos=(625,176)
210.0760 	EXP 	text_2: autoDraw = True
212.0417 	EXP 	New trial (rep=0, index=27): {u'thing': u'I am restless at the theater or lectures.', u'reverse': 0}
212.0473 	EXP 	RatingScale rating: reset()
212.0567 	EXP 	window1: recordFrameIntervals = False
212.0751 	EXP 	text_2: autoDraw = False
212.0751 	EXP 	text_2: autoDraw = False
212.0751 	EXP 	stimulus_to_rate: text = u'I am restless at the theater or lectures.'
212.0752 	EXP 	window1: recordFrameIntervals = False
212.5912 	EXP 	rating: autoDraw = True
212.5912 	EXP 	stimulus_to_rate: autoDraw = True
214.7245 	DATA 	Mouse: Left button down, pos=(571,315)
214.8074 	DATA 	Mouse:  Left button up, pos=(571,315)
216.8396 	DATA 	Mouse: Left button down, pos=(700,318)
216.9590 	DATA 	Mouse:  Left button up, pos=(700,318)
218.4057 	DATA 	Mouse: Left button down, pos=(579,321)
218.5226 	DATA 	Mouse:  Left button up, pos=(579,321)
219.0557 	DATA 	Mouse: Left button down, pos=(606,205)
219.0579 	DATA 	RatingScale rating: (mouse response) rating=2
219.0579 	DATA 	RatingScale rating: rating RT=6.482
219.0579 	DATA 	RatingScale rating: history=[(None, 0.0), (2, 2.15), (3, 4.266), (2, 5.832), (2, 6.482)]
219.0885 	EXP 	rating: autoDraw = False
219.0885 	EXP 	stimulus_to_rate: autoDraw = False
219.0885 	EXP 	text_2: text = 'You pressed 2 = occasionally'
219.2056 	DATA 	Mouse:  Left button up, pos=(606,205)
219.5055 	EXP 	text_2: autoDraw = True
221.4710 	EXP 	New trial (rep=0, index=28): {u'thing': u'I like puzzles.', u'reverse': 1}
221.4766 	EXP 	RatingScale rating: reset()
221.4846 	EXP 	window1: recordFrameIntervals = False
221.5046 	EXP 	text_2: autoDraw = False
221.5046 	EXP 	text_2: autoDraw = False
221.5046 	EXP 	stimulus_to_rate: text = u'I like puzzles.'
221.5047 	EXP 	window1: recordFrameIntervals = False
222.0206 	EXP 	rating: autoDraw = True
222.0206 	EXP 	stimulus_to_rate: autoDraw = True
224.1529 	DATA 	Mouse: Left button down, pos=(579,311)
224.2389 	DATA 	Mouse:  Left button up, pos=(579,311)
226.8191 	DATA 	Mouse: Left button down, pos=(640,208)
226.8213 	DATA 	RatingScale rating: (mouse response) rating=2
226.8213 	DATA 	RatingScale rating: rating RT=4.817
226.8213 	DATA 	RatingScale rating: history=[(None, 0.0), (2, 2.15), (2, 4.817)]
226.8519 	EXP 	rating: autoDraw = False
226.8519 	EXP 	stimulus_to_rate: autoDraw = False
226.8519 	EXP 	text_2: text = 'You pressed 2 = occasionally'
227.0020 	DATA 	Mouse:  Left button up, pos=(640,208)
227.2678 	EXP 	text_2: autoDraw = True
229.2345 	EXP 	New trial (rep=0, index=29): {u'thing': u'I am future oriented. ', u'reverse': 1}
229.2402 	EXP 	RatingScale rating: reset()
229.2456 	EXP 	window1: recordFrameIntervals = False
229.2534 	EXP 	text_2: autoDraw = False
229.2534 	EXP 	text_2: autoDraw = False
229.2534 	EXP 	stimulus_to_rate: text = u'I am future oriented. '
229.2534 	EXP 	window1: recordFrameIntervals = False
229.7670 	EXP 	rating: autoDraw = True
229.7670 	EXP 	stimulus_to_rate: autoDraw = True
233.5324 	DATA 	Mouse: Left button down, pos=(829,313)
233.6323 	DATA 	Mouse:  Left button up, pos=(829,313)
234.2154 	DATA 	Mouse: Left button down, pos=(670,187)
234.2176 	DATA 	RatingScale rating: (mouse response) rating=4
234.2176 	DATA 	RatingScale rating: rating RT=4.465
234.2176 	DATA 	RatingScale rating: history=[(None, 0.0), (4, 3.781), (4, 4.465)]
234.2499 	EXP 	rating: autoDraw = False
234.2499 	EXP 	stimulus_to_rate: autoDraw = False
234.2499 	EXP 	text_2: text = 'You pressed 4 = almost always/always'
234.3654 	DATA 	Mouse:  Left button up, pos=(670,187)
234.6652 	EXP 	text_2: autoDraw = True
236.6473 	EXP 	text_2: autoDraw = False
236.6473 	EXP 	text_2: autoDraw = False
236.6473 	EXP 	text_3: text = 66
236.6473 	EXP 	text_3: autoDraw = True
239.6820 	EXP 	window1: mouseVisible = True
